3614:APP_OPEN:startTime=1772065498699
7094:GENERAL_SHOW_PERSPECTIVE:perspective=org.jkiss.dbeaver.core.perspective
10987:ENTITY_EDITOR_OPEN:driver=postgresql:postgres-jdbc&className=PostgreTableRegular
11460:DATA_EDIT_OPEN:objectType=PostgreTableRegular
39471:ENTITY_EDITOR_OPEN:driver=postgresql:postgres-jdbc&className=PostgreTableRegular
39678:DATA_EDIT_OPEN:objectType=PostgreTableRegular
41231:ENTITY_EDITOR_OPEN:driver=postgresql:postgres-jdbc&className=PostgreSchema
47644:ENTITY_EDITOR_OPEN:driver=postgresql:postgres-jdbc&className=PostgreTableRegular
47881:DATA_EDIT_OPEN:objectType=PostgreTableRegular
64730:ENTITY_EDITOR_OPEN:driver=postgresql:postgres-jdbc&className=PostgreTableRegular
64905:DATA_EDIT_OPEN:objectType=PostgreTableRegular
265997:RESULT_SET_REFRESH
266792:RESULT_SET_REFRESH
267386:RESULT_SET_REFRESH
267752:RESULT_SET_REFRESH
268157:RESULT_SET_REFRESH
496488:RESULT_SET_REFRESH
497373:RESULT_SET_REFRESH
497761:RESULT_SET_REFRESH
1061160:RESULT_SET_REFRESH
1156328:RESULT_SET_REFRESH
1157114:RESULT_SET_REFRESH
1157497:RESULT_SET_REFRESH
1157894:RESULT_SET_REFRESH
1158153:RESULT_SET_REFRESH
4143684:RESULT_SET_REFRESH
4144531:RESULT_SET_REFRESH
4177180:RESULT_SET_REFRESH
4177733:RESULT_SET_REFRESH
4177973:RESULT_SET_REFRESH
4178217:RESULT_SET_REFRESH
4178420:RESULT_SET_REFRESH
4178640:RESULT_SET_REFRESH
4178832:RESULT_SET_REFRESH
4471390:RESULT_SET_REFRESH
4471992:RESULT_SET_REFRESH
4472322:RESULT_SET_REFRESH
4472564:RESULT_SET_REFRESH
4472789:RESULT_SET_REFRESH
4472966:RESULT_SET_REFRESH
4473323:RESULT_SET_REFRESH
4473548:RESULT_SET_REFRESH
4473754:RESULT_SET_REFRESH
4473926:RESULT_SET_REFRESH
4474116:RESULT_SET_REFRESH
4474468:RESULT_SET_REFRESH
4474650:RESULT_SET_REFRESH
4487567:RESULT_SET_REFRESH
4488091:RESULT_SET_REFRESH
4488319:RESULT_SET_REFRESH
4488588:RESULT_SET_REFRESH
4488801:RESULT_SET_REFRESH
4488986:RESULT_SET_REFRESH
4489175:RESULT_SET_REFRESH
4489385:RESULT_SET_REFRESH
4489581:RESULT_SET_REFRESH
4489802:RESULT_SET_REFRESH
4489994:RESULT_SET_REFRESH
4490203:RESULT_SET_REFRESH
4490391:RESULT_SET_REFRESH
4490598:RESULT_SET_REFRESH
4490801:RESULT_SET_REFRESH
4490972:RESULT_SET_REFRESH
4491154:RESULT_SET_REFRESH
4491338:RESULT_SET_REFRESH
4491536:RESULT_SET_REFRESH
4491741:RESULT_SET_REFRESH
4491970:RESULT_SET_REFRESH
4492217:RESULT_SET_REFRESH
4492595:RESULT_SET_REFRESH
4492922:RESULT_SET_REFRESH
4493185:RESULT_SET_REFRESH
4493456:RESULT_SET_REFRESH
4493704:RESULT_SET_REFRESH
4493940:RESULT_SET_REFRESH
4494187:RESULT_SET_REFRESH
4494438:RESULT_SET_REFRESH
4494713:RESULT_SET_REFRESH
4494973:RESULT_SET_REFRESH
4495238:RESULT_SET_REFRESH
4495525:RESULT_SET_REFRESH
4496104:RESULT_SET_REFRESH
4496418:RESULT_SET_REFRESH
4496704:RESULT_SET_REFRESH
4496978:RESULT_SET_REFRESH
4497286:RESULT_SET_REFRESH
4497543:RESULT_SET_REFRESH
4497806:RESULT_SET_REFRESH
4498056:RESULT_SET_REFRESH
4498309:RESULT_SET_REFRESH
4498522:RESULT_SET_REFRESH
4498757:RESULT_SET_REFRESH
4498988:RESULT_SET_REFRESH
4499189:RESULT_SET_REFRESH
4499414:RESULT_SET_REFRESH
4499619:RESULT_SET_REFRESH
4499837:RESULT_SET_REFRESH
4500057:RESULT_SET_REFRESH
4500307:RESULT_SET_REFRESH
4500485:RESULT_SET_REFRESH
4500671:RESULT_SET_REFRESH
4500856:RESULT_SET_REFRESH
4501028:RESULT_SET_REFRESH
4502740:RESULT_SET_REFRESH
4503271:RESULT_SET_REFRESH
4503471:RESULT_SET_REFRESH
4503667:RESULT_SET_REFRESH
4503874:RESULT_SET_REFRESH
4504067:RESULT_SET_REFRESH
4526792:RESULT_SET_REFRESH
4527077:RESULT_SET_REFRESH
4527307:RESULT_SET_REFRESH
4527526:RESULT_SET_REFRESH
4527727:RESULT_SET_REFRESH
4528066:RESULT_SET_REFRESH
4528293:RESULT_SET_REFRESH
4528515:RESULT_SET_REFRESH
4528758:RESULT_SET_REFRESH
4528968:RESULT_SET_REFRESH
4529193:RESULT_SET_REFRESH
4547577:ENTITY_EDITOR_OPEN:driver=postgresql:postgres-jdbc&className=PostgreTableRegular
4547753:DATA_EDIT_OPEN:objectType=PostgreTableRegular
4574942:RESULT_SET_REFRESH
4575443:RESULT_SET_REFRESH
4585164:RESULT_SET_REFRESH
4585406:RESULT_SET_REFRESH
4585658:RESULT_SET_REFRESH
4585862:RESULT_SET_REFRESH
4586040:RESULT_SET_REFRESH
4586212:RESULT_SET_REFRESH
4592813:RESULT_SET_REFRESH
4593181:RESULT_SET_REFRESH
4593376:RESULT_SET_REFRESH
4593727:RESULT_SET_REFRESH
4593931:RESULT_SET_REFRESH
4594281:RESULT_SET_REFRESH
4594452:RESULT_SET_REFRESH
4594634:RESULT_SET_REFRESH
4594812:RESULT_SET_REFRESH
4633133:RESULT_SET_REFRESH
4633372:RESULT_SET_REFRESH
4633585:RESULT_SET_REFRESH
4633822:RESULT_SET_REFRESH
4634016:RESULT_SET_REFRESH
19046780:ENTITY_EDITOR_OPEN:driver=postgresql:postgres-jdbc&className=PostgreSchema
19047069:ENTITY_EDITOR_OPEN:driver=postgresql:postgres-jdbc&className=PostgreTableRegular
19047252:DATA_EDIT_OPEN:objectType=PostgreTableRegular
19047452:ENTITY_EDITOR_OPEN:driver=postgresql:postgres-jdbc&className=PostgreTableRegular
19047578:DATA_EDIT_OPEN:objectType=PostgreTableRegular
19047693:ENTITY_EDITOR_OPEN:driver=postgresql:postgres-jdbc&className=PostgreTableRegular
19047798:DATA_EDIT_OPEN:objectType=PostgreTableRegular
19047918:ENTITY_EDITOR_OPEN:driver=postgresql:postgres-jdbc&className=PostgreTableRegular
19048035:DATA_EDIT_OPEN:objectType=PostgreTableRegular
19048451:ENTITY_EDITOR_OPEN:driver=postgresql:postgres-jdbc&className=PostgreTableRegular
19048607:DATA_EDIT_OPEN:objectType=PostgreTableRegular
19049259:ENTITY_EDITOR_OPEN:driver=postgresql:postgres-jdbc&className=PostgreTableRegular
19058685:DATA_EDIT_OPEN:objectType=PostgreTableRegular
20293105:ENTITY_EDITOR_OPEN:driver=postgresql:postgres-jdbc&className=PostgreTableRegular
20293288:DATA_EDIT_OPEN:objectType=PostgreTableRegular
21567056:RESULT_SET_REFRESH
21567785:RESULT_SET_REFRESH
24736263:RESULT_SET_REFRESH
24736985:RESULT_SET_REFRESH
24737198:RESULT_SET_REFRESH
24737655:RESULT_SET_REFRESH
24762751:RESULT_SET_REFRESH
24763302:RESULT_SET_REFRESH
24763486:RESULT_SET_REFRESH
24763660:RESULT_SET_REFRESH
